This is pdfTeX, Version 3.14159265-2.6-1.40.21 (TeX Live 2020/W32TeX) (preloaded format=pdflatex 2020.11.18)  8 MAR 2021 18:43
entering extended mode
 restricted \write18 enabled.
 file:line:error style messages enabled.
 %&-line parsing enabled.
**c:/Users/Philip/Desktop/LatexLearning/Kapitel_6/Kapitel_6.tex
(c:/Users/Philip/Desktop/LatexLearning/Kapitel_6/Kapitel_6.tex
LaTeX2e <2020-10-01> patch level 2
L3 programming layer <2020-10-27> xparse <2020-03-03> (c:/texlive/2020/texmf-dist/tex/latex/base/article.cls
Document Class: article 2020/04/10 v1.4m Standard LaTeX document class
(c:/texlive/2020/texmf-dist/tex/latex/base/size12.clo
File: size12.clo 2020/04/10 v1.4m Standard LaTeX file (size option)
)
\c@part=\count175
\c@section=\count176
\c@subsection=\count177
\c@subsubsection=\count178
\c@paragraph=\count179
\c@subparagraph=\count180
\c@figure=\count181
\c@table=\count182
\abovecaptionskip=\skip47
\belowcaptionskip=\skip48
\bibindent=\dimen138
) (c:/texlive/2020/texmf-dist/tex/latex/base/fontenc.sty
Package: fontenc 2020/08/10 v2.0s Standard LaTeX package
) (c:/texlive/2020/texmf-dist/tex/latex/base/inputenc.sty
Package: inputenc 2020/08/01 v1.3d Input encoding file
\inpenc@prehook=\toks15
\inpenc@posthook=\toks16
) (c:/texlive/2020/texmf-dist/tex/generic/babel/babel.sty
Package: babel 2020/10/27 3.51 The Babel package
 (c:/texlive/2020/texmf-dist/tex/generic/babel/babel.def
File: babel.def 2020/10/27 3.51 Babel common definitions
\babel@savecnt=\count183
\U@D=\dimen139
\l@babelnohyphens=\language86
 (c:/texlive/2020/texmf-dist/tex/generic/babel/txtbabel.def)
\bbl@readstream=\read2
)
\bbl@dirlevel=\count184
 (c:/texlive/2020/texmf-dist/tex/generic/babel-german/ngerman.ldf
Language: ngerman 2020/07/21 v2.12 German support for babel (post-1996 orthography)
 (c:/texlive/2020/texmf-dist/tex/generic/babel-german/ngermanb.ldf
Language: ngermanb 2020/07/21 v2.12 German support for babel (post-1996 orthography)
Package babel Info: Making " an active character on input line 121.
))) (c:/texlive/2020/texmf-dist/tex/latex/marvosym/marvosym.sty
Package: marvosym 2011/07/20 v2.2 Martin Vogel's Symbols font definitions
) (c:/texlive/2020/texmf-dist/tex/latex/parskip/parskip.sty
Package: parskip 2020-06-15 v2.0f non-zero parskip adjustments
 (c:/texlive/2020/texmf-dist/tex/latex/kvoptions/kvoptions.sty
Package: kvoptions 2020-10-07 v3.14 Key value format for package options (HO)
 (c:/texlive/2020/texmf-dist/tex/latex/graphics/keyval.sty
Package: keyval 2014/10/28 v1.15 key=value parser (DPC)
\KV@toks@=\toks17
) (c:/texlive/2020/texmf-dist/tex/generic/ltxcmds/ltxcmds.sty
Package: ltxcmds 2020-05-10 v1.25 LaTeX kernel commands for general use (HO)
) (c:/texlive/2020/texmf-dist/tex/generic/kvsetkeys/kvsetkeys.sty
Package: kvsetkeys 2019/12/15 v1.18 Key value parser (HO)
)) (c:/texlive/2020/texmf-dist/tex/latex/etoolbox/etoolbox.sty
Package: etoolbox 2020/10/05 v2.5k e-TeX tools for LaTeX (JAW)
\etb@tempcnta=\count185
))
   defining Unicode char U+20AC (decimal 8364)
 (c:/texlive/2020/texmf-dist/tex/latex/tools/array.sty
Package: array 2020/10/01 v2.5c Tabular extension package (FMi)
\col@sep=\dimen140
\ar@mcellbox=\box47
\extrarowheight=\dimen141
\NC@list=\toks18
\extratabsurround=\skip49
\backup@length=\skip50
\ar@cellbox=\box48
) (c:/texlive/2020/texmf-dist/tex/latex/psnfss/pifont.sty
Package: pifont 2020/03/25 PSNFSS-v9.3 Pi font support (SPQR) 
LaTeX Font Info:    Trying to load font information for U+pzd on input line 63.
 (c:/texlive/2020/texmf-dist/tex/latex/psnfss/upzd.fd
File: upzd.fd 2001/06/04 font definitions for U/pzd.
)
LaTeX Font Info:    Trying to load font information for U+psy on input line 64.
 (c:/texlive/2020/texmf-dist/tex/latex/psnfss/upsy.fd
File: upsy.fd 2001/06/04 font definitions for U/psy.
)) (c:/texlive/2020/texmf-dist/tex/latex/amsmath/amsmath.sty
Package: amsmath 2020/09/23 v2.17i AMS math features
\@mathmargin=\skip51

For additional information on amsmath, use the `?' option.
(c:/texlive/2020/texmf-dist/tex/latex/amsmath/amstext.sty
Package: amstext 2000/06/29 v2.01 AMS text
 (c:/texlive/2020/texmf-dist/tex/latex/amsmath/amsgen.sty
File: amsgen.sty 1999/11/30 v2.0 generic functions
\@emptytoks=\toks19
\ex@=\dimen142
)) (c:/texlive/2020/texmf-dist/tex/latex/amsmath/amsbsy.sty
Package: amsbsy 1999/11/29 v1.2d Bold Symbols
\pmbraise@=\dimen143
) (c:/texlive/2020/texmf-dist/tex/latex/amsmath/amsopn.sty
Package: amsopn 2016/03/08 v2.02 operator names
)
\inf@bad=\count186
LaTeX Info: Redefining \frac on input line 234.
\uproot@=\count187
\leftroot@=\count188
LaTeX Info: Redefining \overline on input line 399.
\classnum@=\count189
\DOTSCASE@=\count190
LaTeX Info: Redefining \ldots on input line 496.
LaTeX Info: Redefining \dots on input line 499.
LaTeX Info: Redefining \cdots on input line 620.
\Mathstrutbox@=\box49
\strutbox@=\box50
\big@size=\dimen144
LaTeX Font Info:    Redeclaring font encoding OML on input line 743.
LaTeX Font Info:    Redeclaring font encoding OMS on input line 744.
\macc@depth=\count191
\c@MaxMatrixCols=\count192
\dotsspace@=\muskip16
\c@parentequation=\count193
\dspbrk@lvl=\count194
\tag@help=\toks20
\row@=\count195
\column@=\count196
\maxfields@=\count197
\andhelp@=\toks21
\eqnshift@=\dimen145
\alignsep@=\dimen146
\tagshift@=\dimen147
\tagwidth@=\dimen148
\totwidth@=\dimen149
\lineht@=\dimen150
\@envbody=\toks22
\multlinegap=\skip52
\multlinetaggap=\skip53
\mathdisplay@stack=\toks23
LaTeX Info: Redefining \[ on input line 2923.
LaTeX Info: Redefining \] on input line 2924.
) (c:/texlive/2020/texmf-dist/tex/latex/tools/calc.sty
Package: calc 2017/05/25 v4.3 Infix arithmetic (KKT,FJ)
\calc@Acount=\count198
\calc@Bcount=\count199
\calc@Adimen=\dimen151
\calc@Bdimen=\dimen152
\calc@Askip=\skip54
\calc@Bskip=\skip55
LaTeX Info: Redefining \setlength on input line 80.
LaTeX Info: Redefining \addtolength on input line 81.
\calc@Ccount=\count266
\calc@Cskip=\skip56
)
\c@zahlA=\count267
\c@zahlB=\count268
\templaenge=\skip57
\tunneldiode=\skip58
\avalancheDiode=\skip59
\gunnDiode=\skip60
 (c:/texlive/2020/texmf-dist/tex/latex/l3backend/l3backend-pdftex.def
File: l3backend-pdftex.def 2020-09-24 L3 backend support: PDF output (pdfTeX)
\l__kernel_color_stack_int=\count269
\l__pdf_internal_box=\box51
) (c:/Users/Philip/Desktop/LatexLearning/Kapitel_6/Kapitel_6.aux)
\openout1 = `Kapitel_6.aux'.

LaTeX Font Info:    Checking defaults for OML/cmm/m/it on input line 23.
LaTeX Font Info:    ... okay on input line 23.
LaTeX Font Info:    Checking defaults for OMS/cmsy/m/n on input line 23.
LaTeX Font Info:    ... okay on input line 23.
LaTeX Font Info:    Checking defaults for OT1/cmr/m/n on input line 23.
LaTeX Font Info:    ... okay on input line 23.
LaTeX Font Info:    Checking defaults for T1/cmr/m/n on input line 23.
LaTeX Font Info:    ... okay on input line 23.
LaTeX Font Info:    Checking defaults for TS1/cmr/m/n on input line 23.
LaTeX Font Info:    ... okay on input line 23.
LaTeX Font Info:    Checking defaults for OMX/cmex/m/n on input line 23.
LaTeX Font Info:    ... okay on input line 23.
LaTeX Font Info:    Checking defaults for U/cmr/m/n on input line 23.
LaTeX Font Info:    ... okay on input line 23.
LaTeX Font Info:    Trying to load font information for T1+cmtt on input line 26.
 (c:/texlive/2020/texmf-dist/tex/latex/base/t1cmtt.fd
File: t1cmtt.fd 2019/12/16 v2.5j Standard LaTeX font definitions
)
LaTeX Font Info:    Trying to load font information for U+mvs on input line 42.
 (c:/texlive/2020/texmf-dist/tex/latex/marvosym/umvs.fd)
LaTeX Font Info:    Trying to load font information for T1+cmss on input line 92.
 (c:/texlive/2020/texmf-dist/tex/latex/base/t1cmss.fd
File: t1cmss.fd 2019/12/16 v2.5j Standard LaTeX font definitions
)
Underfull \hbox (badness 10000) in paragraph at lines 92--94
[]|\T1/cmss/m/n/10.95 William Shock-ley
 []


Underfull \hbox (badness 1082) in paragraph at lines 92--94
\T1/cmss/m/n/10.95 äu-ÿer-te be-reits 1954
 []


Underfull \hbox (badness 10000) in paragraph at lines 92--94
\T1/cmss/m/n/10.95 die Ver-mu-tung,
 []


Underfull \hbox (badness 10000) in paragraph at lines 92--94
\T1/cmss/m/n/10.95 dass in be-stimm-
 []


Underfull \hbox (badness 3281) in paragraph at lines 92--94
\T1/cmss/m/n/10.95 ten Werk-stof-fen die
 []


Underfull \hbox (badness 10000) in paragraph at lines 92--94
\T1/cmss/m/n/10.95 Mi-gra-ti-ons-ge-schwin-
 []


Underfull \hbox (badness 1983) in paragraph at lines 92--94
\T1/cmss/m/n/10.95 un-ter Ein-fluss ho-her
 []


Underfull \hbox (badness 4752) in paragraph at lines 92--94
\T1/cmss/m/n/10.95 elek-tri-scher Feld-stär-
 []


Underfull \hbox (badness 7486) in paragraph at lines 95--100
\T1/cmss/m/n/10.95 des Ze-ner-ef-fekts auf. Die
 []


Underfull \hbox (badness 1448) in paragraph at lines 95--100
\T1/cmss/m/n/10.95 bei aus-rei-chen-der Feld-stär-ke
 []


Underfull \hbox (badness 1242) in paragraph at lines 95--100
\T1/cmss/m/n/10.95 schleu-nigt, dass ih-re ki-ne-ti-
 []


Underfull \hbox (badness 3746) in paragraph at lines 101--106
[]|\T1/cmss/m/n/10.95 Im Jahr 1963 ent-
 []


Underfull \hbox (badness 1043) in paragraph at lines 101--106
\T1/cmss/m/n/10.95 deck-te der bri-tit-sche
 []


Underfull \hbox (badness 10000) in paragraph at lines 101--106
\T1/cmss/m/n/10.95 Phy-si-ker Jan B.
 []


Underfull \hbox (badness 10000) in paragraph at lines 101--106
\T1/cmss/m/n/10.95 Gunn bei sei-nen
 []


Underfull \hbox (badness 10000) in paragraph at lines 101--106
\T1/cmss/m/n/10.95 Un-ter-su-chun-gen im
 []


Underfull \hbox (badness 2088) in paragraph at lines 101--106
\T1/cmss/m/n/10.95 an GaAs- und InP-
 []


Underfull \hbox (badness 10000) in paragraph at lines 101--106
\T1/cmss/m/n/10.95 Widerständen, dass
 []


Underfull \hbox (badness 6792) in paragraph at lines 101--106
\T1/cmss/m/n/10.95 de-ren Ei-gen-rau-schen
 []

[1

{c:/texlive/2020/texmf-var/fonts/map/pdftex/updmap/pdftex.map}]
Underfull \hbox (badness 1048) in paragraph at lines 123--123
[]|\T1/cmr/m/n/12 Dieser Text ist
 []


Underfull \hbox (badness 10000) in paragraph at lines 123--123
\T1/cmr/m/n/12 in der ers-ten
 []


Underfull \hbox (badness 1048) in paragraph at lines 124--124
[]|\T1/cmr/m/n/12 Dieser Text ist
 []


Underfull \hbox (badness 2970) in paragraph at lines 124--124
\T1/cmr/m/n/12 in der zwei-ten
 []


Underfull \hbox (badness 1048) in paragraph at lines 125--125
[]|\T1/cmr/m/n/12 Dieser Text ist
 []


Underfull \hbox (badness 5696) in paragraph at lines 125--125
\T1/cmr/m/n/12 in der drit-ten
 []


Underfull \hbox (badness 1048) in paragraph at lines 126--127
[]|\T1/cmr/m/n/12 Dieser Text ist
 []


Underfull \hbox (badness 5331) in paragraph at lines 126--127
\T1/cmr/m/n/12 in der vier-ten
 []

[2] (c:/Users/Philip/Desktop/LatexLearning/Kapitel_6/Kapitel_6.aux) ) 
Here is how much of TeX's memory you used:
 3276 strings out of 479485
 44118 string characters out of 5875915
 340447 words of memory out of 5000000
 20252 multiletter control sequences out of 15000+600000
 545229 words of font info for 52 fonts, out of 8000000 for 9000
 1141 hyphenation exceptions out of 8191
 66i,9n,72p,586b,237s stack positions out of 5000i,500n,10000p,200000b,80000s
{c:/texlive/2020/texmf-dist/fonts/enc/dvips/cm-super/cm-super-t1.enc}<c:/texlive/2020/texmf-dist/fonts/type1/public/marvosym/marvosym.pfb><c:/texlive/2020/texmf-dist/fonts/type1/public/cm-super/sfbx1200.pfb><c:/texlive/2020/texmf-dist/fonts/type1/public/cm-super/sfbx1728.pfb><c:/texlive/2020/texmf-dist/fonts/type1/public/cm-super/sfrm0800.pfb><c:/texlive/2020/texmf-dist/fonts/type1/public/cm-super/sfrm1200.pfb><c:/texlive/2020/texmf-dist/fonts/type1/public/cm-super/sfss1095.pfb><c:/texlive/2020/texmf-dist/fonts/type1/public/cm-super/sfti1200.pfb><c:/texlive/2020/texmf-dist/fonts/type1/public/cm-super/sftt1200.pfb>
Output written on c:/Users/Philip/Desktop/LatexLearning/Kapitel_6/Kapitel_6.pdf (2 pages, 121378 bytes).
PDF statistics:
 44 PDF objects out of 1000 (max. 8388607)
 31 compressed objects within 1 object stream
 0 named destinations out of 1000 (max. 500000)
 1 words of extra memory for PDF output out of 10000 (max. 10000000)

